<?xml version="1.0" encoding="UTF-8"?>
<testng-results ignored="0" total="1" passed="1" failed="0" skipped="0">
  <reporter-output>
  </reporter-output>
  <suite started-at="2023-08-04T19:24:35 IST" name="Default suite" finished-at="2023-08-04T19:24:55 IST" duration-ms="19580">
    <groups>
    </groups>
    <test started-at="2023-08-04T19:24:35 IST" name="Default test" finished-at="2023-08-04T19:24:55 IST" duration-ms="19580">
      <class name="com.test.Login_test">
        <test-method is-config="true" signature="setupDriver()[pri:0, instance:com.test.Login_test@3e27ba32]" started-at="2023-08-04T19:24:35 IST" name="setupDriver" finished-at="2023-08-04T19:24:45 IST" duration-ms="9710" status="PASS">
          <reporter-output>
          </reporter-output>
        </test-method> <!-- setupDriver -->
        <test-method signature="login()[pri:0, instance:com.test.Login_test@3e27ba32]" started-at="2023-08-04T19:24:45 IST" name="login" finished-at="2023-08-04T19:24:54 IST" duration-ms="9558" status="PASS">
          <reporter-output>
          </reporter-output>
        </test-method> <!-- login -->
        <test-method is-config="true" signature="tearDown()[pri:0, instance:com.test.Login_test@3e27ba32]" started-at="2023-08-04T19:24:54 IST" name="tearDown" finished-at="2023-08-04T19:24:55 IST" duration-ms="277" status="PASS">
          <reporter-output>
          </reporter-output>
        </test-method> <!-- tearDown -->
      </class> <!-- com.test.Login_test -->
    </test> <!-- Default test -->
  </suite> <!-- Default suite -->
</testng-results>
